<?xml version="1.0" encoding="UTF-8"?>
<!-- Generated by org.testng.reporters.JUnitReportReporter -->
<testsuite hostname="DESKTOP-7SMJUAE" name="com.capsulecrm.tests.AccountSettingsPageTest" tests="9" failures="0" timestamp="31 May 2019 10:49:48 GMT" time="186.466" errors="0">
  <testcase name="verifyAllSubPages" time="28.218" classname="com.capsulecrm.tests.AccountSettingsPageTest"/>
  <testcase name="verifyTagsPage" time="15.096" classname="com.capsulecrm.tests.AccountSettingsPageTest"/>
  <testcase name="verifyOpportunitiesPage" time="17.224" classname="com.capsulecrm.tests.AccountSettingsPageTest"/>
  <testcase name="verifyTaskCategoryPage" time="16.540" classname="com.capsulecrm.tests.AccountSettingsPageTest"/>
  <testcase name="varifyAccPage" time="15.495" classname="com.capsulecrm.tests.AccountSettingsPageTest"/>
  <testcase name="verifyUserPage" time="17.533" classname="com.capsulecrm.tests.AccountSettingsPageTest"/>
  <testcase name="verifyAppearancePage" time="22.402" classname="com.capsulecrm.tests.AccountSettingsPageTest"/>
  <testcase name="verifyTracksPage" time="21.527" classname="com.capsulecrm.tests.AccountSettingsPageTest"/>
  <testcase name="verifyIntegrationsPage" time="32.431" classname="com.capsulecrm.tests.AccountSettingsPageTest"/>
</testsuite> <!-- com.capsulecrm.tests.AccountSettingsPageTest -->
