<?xml version="1.0" encoding="UTF-8"?>
<!-- Generated by org.testng.reporters.JUnitReportReporter -->
<testsuite hostname="DESKTOP-7SMJUAE" name="com.capsulecrm.tests.PersonPageTest" tests="2" failures="0" timestamp="30 May 2019 07:52:19 GMT" time="29.230" errors="0">
  <testcase name="verifyTitle" time="11.434" classname="com.capsulecrm.tests.PersonPageTest"/>
  <testcase name="verifyAddPerson" time="17.796" classname="com.capsulecrm.tests.PersonPageTest"/>
</testsuite> <!-- com.capsulecrm.tests.PersonPageTest -->
