<?xml version="1.0" encoding="UTF-8"?>
<!-- Generated by org.testng.reporters.JUnitReportReporter -->
<testsuite hostname="DESKTOP-7SMJUAE" name="com.capsulecrm.tests.CasesPageTest" tests="2" failures="0" timestamp="30 May 2019 07:52:19 GMT" time="30.332" errors="0">
  <testcase name="varifyCasesPageTitle" time="12.377" classname="com.capsulecrm.tests.CasesPageTest"/>
  <testcase name="varifyCreateCases" time="17.955" classname="com.capsulecrm.tests.CasesPageTest"/>
</testsuite> <!-- com.capsulecrm.tests.CasesPageTest -->
