<?xml version="1.0" encoding="UTF-8"?>
<!-- Generated by org.testng.reporters.JUnitReportReporter -->
<testsuite skipped="0" hostname="DESKTOP-7SMJUAE" name="com.capsulecrm.tests.CasesPageTest" tests="2" failures="0" timestamp="31 May 2019 10:57:10 GMT" time="35.353" errors="0">
  <testcase name="varifyCasesPageTitle" time="13.968" classname="com.capsulecrm.tests.CasesPageTest"/>
  <testcase name="varifyCreateCases" time="21.385" classname="com.capsulecrm.tests.CasesPageTest"/>
</testsuite> <!-- com.capsulecrm.tests.CasesPageTest -->
