<?xml version="1.0" encoding="UTF-8"?>
<!-- Generated by org.testng.reporters.JUnitReportReporter -->
<testsuite skipped="0" hostname="DESKTOP-7SMJUAE" name="com.capsulecrm.tests.PersonPageTest" tests="2" failures="0" timestamp="31 May 2019 10:57:10 GMT" time="40.734" errors="0">
  <testcase name="verifyPesrsonsTitle" time="19.129" classname="com.capsulecrm.tests.PersonPageTest"/>
  <testcase name="verifyAddPerson" time="21.605" classname="com.capsulecrm.tests.PersonPageTest"/>
</testsuite> <!-- com.capsulecrm.tests.PersonPageTest -->
