<?xml version="1.0" encoding="UTF-8"?>
<!-- Generated by org.testng.reporters.JUnitReportReporter -->
<testsuite skipped="0" hostname="DESKTOP-7SMJUAE" name="com.capsulecrm.tests.AccountSettingsPageTest" tests="9" failures="0" timestamp="31 May 2019 10:57:10 GMT" time="204.795" errors="0">
  <testcase name="varifyAccPage" time="13.607" classname="com.capsulecrm.tests.AccountSettingsPageTest"/>
  <testcase name="verifyAllSubPages" time="31.895" classname="com.capsulecrm.tests.AccountSettingsPageTest"/>
  <testcase name="verifyAppearancePage" time="25.161" classname="com.capsulecrm.tests.AccountSettingsPageTest"/>
  <testcase name="verifyUserPage" time="16.672" classname="com.capsulecrm.tests.AccountSettingsPageTest"/>
  <testcase name="verifyOpportunitiesPage" time="17.307" classname="com.capsulecrm.tests.AccountSettingsPageTest"/>
  <testcase name="verifyTracksPage" time="17.690" classname="com.capsulecrm.tests.AccountSettingsPageTest"/>
  <testcase name="verifyTaskCategoryPage" time="21.458" classname="com.capsulecrm.tests.AccountSettingsPageTest"/>
  <testcase name="verifyTagsPage" time="17.236" classname="com.capsulecrm.tests.AccountSettingsPageTest"/>
  <testcase name="verifyIntegrationsPage" time="43.769" classname="com.capsulecrm.tests.AccountSettingsPageTest"/>
</testsuite> <!-- com.capsulecrm.tests.AccountSettingsPageTest -->
